2018-08-06 11:14:18,566 INFO o.a.j.u.JMeterUtils: Setting Locale to en_RU
2018-08-06 11:14:18,593 INFO o.a.j.JMeter: Loading user properties from: user.properties
2018-08-06 11:14:18,594 INFO o.a.j.JMeter: Loading system properties from: system.properties
2018-08-06 11:14:18,600 INFO o.a.j.JMeter: Copyright (c) 1998-2018 The Apache Software Foundation
2018-08-06 11:14:18,600 INFO o.a.j.JMeter: Version 4.0 r1823414
2018-08-06 11:14:18,600 INFO o.a.j.JMeter: java.version=1.8.0_162
2018-08-06 11:14:18,600 INFO o.a.j.JMeter: java.vm.name=Java HotSpot(TM) 64-Bit Server VM
2018-08-06 11:14:18,600 INFO o.a.j.JMeter: os.name=Mac OS X
2018-08-06 11:14:18,600 INFO o.a.j.JMeter: os.arch=x86_64
2018-08-06 11:14:18,600 INFO o.a.j.JMeter: os.version=10.13.6
2018-08-06 11:14:18,601 INFO o.a.j.JMeter: file.encoding=UTF-8
2018-08-06 11:14:18,601 INFO o.a.j.JMeter: Max memory     =3817865216
2018-08-06 11:14:18,601 INFO o.a.j.JMeter: Available Processors =8
2018-08-06 11:14:18,606 INFO o.a.j.JMeter: Default Locale=English (Russia)
2018-08-06 11:14:18,606 INFO o.a.j.JMeter: JMeter  Locale=English (Russia)
2018-08-06 11:14:18,606 INFO o.a.j.JMeter: JMeterHome=/Users/tsovak/repos/github/tsovak/jmeter/apache-jmeter-4.0
2018-08-06 11:14:18,606 INFO o.a.j.JMeter: user.dir  =/Users/tsovak/repos/github/tsovak/jmeter/apache-jmeter-4.0/bin
2018-08-06 11:14:18,607 INFO o.a.j.JMeter: PWD       =/Users/tsovak/repos/github/tsovak/jmeter/apache-jmeter-4.0/bin
2018-08-06 11:14:18,611 INFO o.a.j.JMeter: IP: 10.60.2.32 Name: pc.ru.gett.local FullName: pc.ru.gett.local
2018-08-06 11:14:20,401 INFO o.a.j.g.a.LookAndFeelCommand: Installing Darcula LAF
2018-08-06 11:14:20,417 INFO o.a.j.g.a.LookAndFeelCommand: Using look and feel: com.bulenkov.darcula.DarculaLaf [Darcula]
2018-08-06 11:14:20,417 INFO o.a.j.JMeter: Setting LAF to: com.bulenkov.darcula.DarculaLaf
2018-08-06 11:14:20,516 INFO o.a.j.JMeter: Loaded icon properties from org/apache/jmeter/images/icon.properties
2018-08-06 11:14:21,048 INFO o.a.j.e.u.CompoundVariable: Note: Function class names must contain the string: '.functions.'
2018-08-06 11:14:21,048 INFO o.a.j.e.u.CompoundVariable: Note: Function class names must not contain the string: '.gui.'
2018-08-06 11:14:22,818 INFO o.a.j.p.h.s.HTTPSamplerBase: Parser for text/html is org.apache.jmeter.protocol.http.parser.LagartoBasedHtmlParser
2018-08-06 11:14:22,819 INFO o.a.j.p.h.s.HTTPSamplerBase: Parser for application/xhtml+xml is org.apache.jmeter.protocol.http.parser.LagartoBasedHtmlParser
2018-08-06 11:14:22,819 INFO o.a.j.p.h.s.HTTPSamplerBase: Parser for application/xml is org.apache.jmeter.protocol.http.parser.LagartoBasedHtmlParser
2018-08-06 11:14:22,819 INFO o.a.j.p.h.s.HTTPSamplerBase: Parser for text/xml is org.apache.jmeter.protocol.http.parser.LagartoBasedHtmlParser
2018-08-06 11:14:22,820 INFO o.a.j.p.h.s.HTTPSamplerBase: Parser for text/vnd.wap.wml is org.apache.jmeter.protocol.http.parser.RegexpHTMLParser
2018-08-06 11:14:22,820 INFO o.a.j.p.h.s.HTTPSamplerBase: Parser for text/css is org.apache.jmeter.protocol.http.parser.CssParser
2018-08-06 11:14:23,183 INFO o.a.j.e.KeyToolUtils: keytool found at 'keytool'
2018-08-06 11:14:23,184 INFO o.a.j.p.h.p.ProxyControl: HTTP(S) Test Script Recorder SSL Proxy will use keys that support embedded 3rd party resources in file /Users/tsovak/repos/github/tsovak/jmeter/apache-jmeter-4.0/bin/proxyserver.jks
2018-08-06 11:14:23,289 INFO o.a.j.s.FileServer: Default base='/Users/tsovak/repos/github/tsovak/jmeter/apache-jmeter-4.0/bin'
2018-08-06 11:14:23,584 INFO o.a.j.s.SampleResult: Note: Sample TimeStamps are START times
2018-08-06 11:14:23,584 INFO o.a.j.s.SampleResult: sampleresult.default.encoding is set to ISO-8859-1
2018-08-06 11:14:23,584 INFO o.a.j.s.SampleResult: sampleresult.useNanoTime=true
2018-08-06 11:14:23,584 INFO o.a.j.s.SampleResult: sampleresult.nanoThreadSleep=5000
2018-08-06 11:14:32,307 INFO o.a.j.g.a.Load: Loading file: /Users/tsovak/repos/github/tsovak/jmeter/gr.jmx
2018-08-06 11:14:32,307 INFO o.a.j.s.FileServer: Set new base='/Users/tsovak/repos/github/tsovak/jmeter'
2018-08-06 11:14:32,481 INFO o.a.j.s.SaveService: Testplan (JMX) version: 2.2. Testlog (JTL) version: 2.2
2018-08-06 11:14:32,496 INFO o.a.j.s.SaveService: Using SaveService properties file encoding UTF-8
2018-08-06 11:14:32,497 INFO o.a.j.s.SaveService: Using SaveService properties version 4.0
2018-08-06 11:14:32,499 INFO o.a.j.s.SaveService: Loading file: /Users/tsovak/repos/github/tsovak/jmeter/gr.jmx
2018-08-06 11:14:32,523 INFO o.a.j.p.h.c.CookieManager: Settings: Delete null: true Check: true Allow variable: true Save: false Prefix: COOKIE_
2018-08-06 11:14:33,026 INFO o.a.j.s.FileServer: Set new base='/Users/tsovak/repos/github/tsovak/jmeter'
2018-08-06 11:15:11,345 INFO o.a.j.e.StandardJMeterEngine: Running the test!
2018-08-06 11:15:11,346 INFO o.a.j.s.SampleEvent: List of sample_variables: []
2018-08-06 11:15:11,346 INFO o.a.j.s.SampleEvent: List of sample_variables: []
2018-08-06 11:15:11,371 INFO o.a.j.g.u.JMeterMenuBar: setRunning(true, *local*)
2018-08-06 11:15:11,531 INFO o.a.j.e.StandardJMeterEngine: Starting ThreadGroup: 1 : Golden report
2018-08-06 11:15:11,531 INFO o.a.j.e.StandardJMeterEngine: Starting 1 threads for group Golden report.
2018-08-06 11:15:11,531 INFO o.a.j.e.StandardJMeterEngine: Thread will continue on error
2018-08-06 11:15:11,531 INFO o.a.j.t.ThreadGroup: Starting thread group... number=1 threads=1 ramp-up=1 perThread=1000.0 delayedStart=true
2018-08-06 11:15:11,533 INFO o.a.j.t.ThreadGroup: Started thread group number 1
2018-08-06 11:15:11,533 INFO o.a.j.e.StandardJMeterEngine: Starting ThreadGroup: 2 : problem_objects
2018-08-06 11:15:11,533 INFO o.a.j.e.StandardJMeterEngine: Starting 1 threads for group problem_objects.
2018-08-06 11:15:11,533 INFO o.a.j.e.StandardJMeterEngine: Thread will continue on error
2018-08-06 11:15:11,534 INFO o.a.j.t.ThreadGroup: Starting thread group... number=2 threads=1 ramp-up=1 perThread=1000.0 delayedStart=true
2018-08-06 11:15:11,534 INFO o.a.j.t.ThreadGroup: Started thread group number 2
2018-08-06 11:15:11,536 INFO o.a.j.e.StandardJMeterEngine: All thread groups have been started
2018-08-06 11:15:11,548 INFO o.a.j.t.JMeterThread: Thread started: problem_objects 2-1
2018-08-06 11:15:11,583 INFO o.a.j.t.JMeterThread: Thread started: Golden report 1-1
2018-08-06 11:15:11,603 INFO o.a.j.p.h.s.HTTPHCAbstractImpl: Local host = pc.ru.gett.local
2018-08-06 11:15:11,609 INFO o.a.j.p.h.s.HTTPHC4Impl: HTTP request retry count = 0
2018-08-06 11:15:47,154 INFO o.a.j.g.a.Start: Stopping test
2018-08-06 11:15:47,176 INFO o.a.j.t.JMeterThread: Stopping: Golden report 1-1
2018-08-06 11:15:47,177 WARN o.a.j.t.JMeterThread: Interrupting: Golden report 1-1 sampler: 02_Get dim_quarter list
2018-08-06 11:15:47,177 INFO o.a.j.t.JMeterThread: Stopping: problem_objects 2-1
2018-08-06 11:15:47,178 WARN o.a.j.t.JMeterThread: Interrupting: problem_objects 2-1 sampler: 51_problemObjectsOverall list
2018-08-06 11:15:47,179 INFO o.a.j.t.JMeterThread: Thread finished: problem_objects 2-1
2018-08-06 11:15:47,241 INFO o.a.j.t.JMeterThread: Thread finished: Golden report 1-1
2018-08-06 11:15:47,241 INFO o.a.j.e.StandardJMeterEngine: Notifying test listeners of end of test
2018-08-06 11:15:47,242 INFO o.a.j.g.u.JMeterMenuBar: setRunning(false, *local*)
2018-08-06 11:35:24,859 INFO o.a.j.e.StandardJMeterEngine: Running the test!
2018-08-06 11:35:24,860 INFO o.a.j.s.SampleEvent: List of sample_variables: []
2018-08-06 11:35:24,863 INFO o.a.j.g.u.JMeterMenuBar: setRunning(true, *local*)
2018-08-06 11:35:25,099 INFO o.a.j.e.StandardJMeterEngine: Starting ThreadGroup: 1 : Test group1
2018-08-06 11:35:25,099 INFO o.a.j.e.StandardJMeterEngine: Starting 1 threads for group Test group1.
2018-08-06 11:35:25,099 INFO o.a.j.e.StandardJMeterEngine: Thread will continue on error
2018-08-06 11:35:25,099 INFO o.a.j.t.ThreadGroup: Starting thread group... number=1 threads=1 ramp-up=1 perThread=1000.0 delayedStart=true
2018-08-06 11:35:25,099 INFO o.a.j.t.ThreadGroup: Started thread group number 1
2018-08-06 11:35:25,099 INFO o.a.j.e.StandardJMeterEngine: Starting ThreadGroup: 2 : Test Group2
2018-08-06 11:35:25,100 INFO o.a.j.e.StandardJMeterEngine: Starting 1 threads for group Test Group2.
2018-08-06 11:35:25,100 INFO o.a.j.e.StandardJMeterEngine: Thread will continue on error
2018-08-06 11:35:25,100 INFO o.a.j.t.ThreadGroup: Starting thread group... number=2 threads=1 ramp-up=1 perThread=1000.0 delayedStart=true
2018-08-06 11:35:25,100 INFO o.a.j.t.ThreadGroup: Started thread group number 2
2018-08-06 11:35:25,101 INFO o.a.j.e.StandardJMeterEngine: All thread groups have been started
2018-08-06 11:35:25,100 INFO o.a.j.t.JMeterThread: Thread started: Test group1 1-1
2018-08-06 11:35:25,101 INFO o.a.j.t.JMeterThread: Thread started: Test Group2 2-1
2018-08-06 11:35:25,113 INFO o.a.j.p.h.s.LazySchemeSocketFactory: Setting up HTTPS TrustAll Socket Factory
2018-08-06 11:35:25,119 INFO o.a.j.u.JsseSSLManager: Using default SSL protocol: TLS
2018-08-06 11:35:25,119 INFO o.a.j.u.JsseSSLManager: SSL session context: per-thread
2018-08-06 11:35:25,264 INFO o.a.j.u.SSLManager: JmeterKeyStore Location:  type JKS
2018-08-06 11:35:25,265 INFO o.a.j.u.SSLManager: KeyStore created OK
2018-08-06 11:35:25,265 WARN o.a.j.u.SSLManager: Keystore file not found, loading empty keystore
2018-08-06 11:35:25,461 INFO o.a.j.t.JMeterThread: Thread is done: Test Group2 2-1
2018-08-06 11:35:25,461 INFO o.a.j.t.JMeterThread: Thread is done: Test group1 1-1
2018-08-06 11:35:25,461 INFO o.a.j.t.JMeterThread: Thread finished: Test Group2 2-1
2018-08-06 11:35:25,461 INFO o.a.j.t.JMeterThread: Thread finished: Test group1 1-1
2018-08-06 11:35:25,461 INFO o.a.j.e.StandardJMeterEngine: Notifying test listeners of end of test
2018-08-06 11:35:25,461 INFO o.a.j.g.u.JMeterMenuBar: setRunning(false, *local*)
2018-08-06 11:36:02,812 INFO o.a.j.e.StandardJMeterEngine: Running the test!
2018-08-06 11:36:02,813 INFO o.a.j.s.SampleEvent: List of sample_variables: []
2018-08-06 11:36:02,814 INFO o.a.j.g.u.JMeterMenuBar: setRunning(true, *local*)
2018-08-06 11:36:03,027 INFO o.a.j.e.StandardJMeterEngine: Starting ThreadGroup: 1 : Test group1
2018-08-06 11:36:03,027 INFO o.a.j.e.StandardJMeterEngine: Starting 1 threads for group Test group1.
2018-08-06 11:36:03,027 INFO o.a.j.e.StandardJMeterEngine: Thread will continue on error
2018-08-06 11:36:03,027 INFO o.a.j.t.ThreadGroup: Starting thread group... number=1 threads=1 ramp-up=1 perThread=1000.0 delayedStart=true
2018-08-06 11:36:03,028 INFO o.a.j.t.ThreadGroup: Started thread group number 1
2018-08-06 11:36:03,028 INFO o.a.j.e.StandardJMeterEngine: Starting ThreadGroup: 2 : Test Group2
2018-08-06 11:36:03,028 INFO o.a.j.e.StandardJMeterEngine: Starting 1 threads for group Test Group2.
2018-08-06 11:36:03,028 INFO o.a.j.e.StandardJMeterEngine: Thread will continue on error
2018-08-06 11:36:03,028 INFO o.a.j.t.ThreadGroup: Starting thread group... number=2 threads=1 ramp-up=1 perThread=1000.0 delayedStart=true
2018-08-06 11:36:03,028 INFO o.a.j.t.ThreadGroup: Started thread group number 2
2018-08-06 11:36:03,029 INFO o.a.j.e.StandardJMeterEngine: All thread groups have been started
2018-08-06 11:36:03,029 INFO o.a.j.t.JMeterThread: Thread started: Test group1 1-1
2018-08-06 11:36:03,029 INFO o.a.j.t.JMeterThread: Thread started: Test Group2 2-1
2018-08-06 11:36:03,474 INFO o.a.j.t.JMeterThread: Thread is done: Test Group2 2-1
2018-08-06 11:36:03,474 INFO o.a.j.t.JMeterThread: Thread is done: Test group1 1-1
2018-08-06 11:36:03,474 INFO o.a.j.t.JMeterThread: Thread finished: Test Group2 2-1
2018-08-06 11:36:03,474 INFO o.a.j.t.JMeterThread: Thread finished: Test group1 1-1
2018-08-06 11:36:03,476 INFO o.a.j.e.StandardJMeterEngine: Notifying test listeners of end of test
2018-08-06 11:36:03,476 INFO o.a.j.g.u.JMeterMenuBar: setRunning(false, *local*)
